<?xml version="1.0" encoding="UTF-8"?>
<testsuite xmlns:xsi="http://www.w3.org/2001/XMLSchema-instance" xsi:noNamespaceSchemaLocation="https://maven.apache.org/surefire/maven-surefire-plugin/xsd/surefire-test-report.xsd" name="com.eco.AppTest" time="0.024" tests="1" errors="0" skipped="0" failures="0">
  <properties>
    <property name="sun.desktop" value="windows"/>
    <property name="awt.toolkit" value="sun.awt.windows.WToolkit"/>
    <property name="file.encoding.pkg" value="sun.io"/>
    <property name="java.specification.version" value="1.8"/>
    <property name="sun.cpu.isalist" value="amd64"/>
    <property name="sun.jnu.encoding" value="Cp1252"/>
    <property name="java.class.path" value="C:\Users\JAGADEESH\ecoapp\target\test-classes;C:\Users\JAGADEESH\ecoapp\target\classes;C:\Users\JAGADEESH\.m2\repository\junit\junit\4.11\junit-4.11.jar;C:\Users\JAGADEESH\.m2\repository\org\hamcrest\hamcrest-core\1.3\hamcrest-core-1.3.jar;C:\Users\JAGADEESH\.m2\repository\com\google\apis\google-api-services-mapsengine\v1-rev66-1.21.0\google-api-services-mapsengine-v1-rev66-1.21.0.jar;C:\Users\JAGADEESH\.m2\repository\com\google\api-client\google-api-client\1.21.0\google-api-client-1.21.0.jar;C:\Users\JAGADEESH\.m2\repository\com\google\oauth-client\google-oauth-client\1.21.0\google-oauth-client-1.21.0.jar;C:\Users\JAGADEESH\.m2\repository\com\google\http-client\google-http-client\1.21.0\google-http-client-1.21.0.jar;C:\Users\JAGADEESH\.m2\repository\org\apache\httpcomponents\httpclient\4.0.1\httpclient-4.0.1.jar;C:\Users\JAGADEESH\.m2\repository\org\apache\httpcomponents\httpcore\4.0.1\httpcore-4.0.1.jar;C:\Users\JAGADEESH\.m2\repository\commons-logging\commons-logging\1.1.1\commons-logging-1.1.1.jar;C:\Users\JAGADEESH\.m2\repository\commons-codec\commons-codec\1.3\commons-codec-1.3.jar;C:\Users\JAGADEESH\.m2\repository\com\google\code\findbugs\jsr305\1.3.9\jsr305-1.3.9.jar;C:\Users\JAGADEESH\.m2\repository\com\google\http-client\google-http-client-jackson2\1.21.0\google-http-client-jackson2-1.21.0.jar;C:\Users\JAGADEESH\.m2\repository\com\fasterxml\jackson\core\jackson-core\2.1.3\jackson-core-2.1.3.jar;C:\Users\JAGADEESH\.m2\repository\com\google\guava\guava-jdk5\17.0\guava-jdk5-17.0.jar;"/>
    <property name="java.vm.vendor" value="Oracle Corporation"/>
    <property name="sun.arch.data.model" value="64"/>
    <property name="user.variant" value=""/>
    <property name="java.vendor.url" value="http://java.oracle.com/"/>
    <property name="user.timezone" value="Asia/Calcutta"/>
    <property name="java.vm.specification.version" value="1.8"/>
    <property name="os.name" value="Windows 7"/>
    <property name="user.country" value="IN"/>
    <property name="sun.java.launcher" value="SUN_STANDARD"/>
    <property name="sun.boot.library.path" value="C:\Program Files\Java\jdk1.8.0_202\jre\bin"/>
    <property name="sun.java.command" value="C:\Users\JAGADE~1\AppData\Local\Temp\surefire3730504810848146553\surefirebooter5842279595562157006.jar C:\Users\JAGADEESH\AppData\Local\Temp\surefire3730504810848146553 2023-07-24T12-30-21_820-jvmRun1 surefire297256607027652069tmp surefire_04278854786133902891tmp"/>
    <property name="surefire.test.class.path" value="C:\Users\JAGADEESH\ecoapp\target\test-classes;C:\Users\JAGADEESH\ecoapp\target\classes;C:\Users\JAGADEESH\.m2\repository\junit\junit\4.11\junit-4.11.jar;C:\Users\JAGADEESH\.m2\repository\org\hamcrest\hamcrest-core\1.3\hamcrest-core-1.3.jar;C:\Users\JAGADEESH\.m2\repository\com\google\apis\google-api-services-mapsengine\v1-rev66-1.21.0\google-api-services-mapsengine-v1-rev66-1.21.0.jar;C:\Users\JAGADEESH\.m2\repository\com\google\api-client\google-api-client\1.21.0\google-api-client-1.21.0.jar;C:\Users\JAGADEESH\.m2\repository\com\google\oauth-client\google-oauth-client\1.21.0\google-oauth-client-1.21.0.jar;C:\Users\JAGADEESH\.m2\repository\com\google\http-client\google-http-client\1.21.0\google-http-client-1.21.0.jar;C:\Users\JAGADEESH\.m2\repository\org\apache\httpcomponents\httpclient\4.0.1\httpclient-4.0.1.jar;C:\Users\JAGADEESH\.m2\repository\org\apache\httpcomponents\httpcore\4.0.1\httpcore-4.0.1.jar;C:\Users\JAGADEESH\.m2\repository\commons-logging\commons-logging\1.1.1\commons-logging-1.1.1.jar;C:\Users\JAGADEESH\.m2\repository\commons-codec\commons-codec\1.3\commons-codec-1.3.jar;C:\Users\JAGADEESH\.m2\repository\com\google\code\findbugs\jsr305\1.3.9\jsr305-1.3.9.jar;C:\Users\JAGADEESH\.m2\repository\com\google\http-client\google-http-client-jackson2\1.21.0\google-http-client-jackson2-1.21.0.jar;C:\Users\JAGADEESH\.m2\repository\com\fasterxml\jackson\core\jackson-core\2.1.3\jackson-core-2.1.3.jar;C:\Users\JAGADEESH\.m2\repository\com\google\guava\guava-jdk5\17.0\guava-jdk5-17.0.jar;"/>
    <property name="sun.cpu.endian" value="little"/>
    <property name="user.home" value="C:\Users\JAGADEESH"/>
    <property name="user.language" value="en"/>
    <property name="java.specification.vendor" value="Oracle Corporation"/>
    <property name="java.home" value="C:\Program Files\Java\jdk1.8.0_202\jre"/>
    <property name="basedir" value="C:\Users\JAGADEESH\ecoapp"/>
    <property name="file.separator" value="\"/>
    <property name="line.separator" value="&#10;"/>
    <property name="java.vm.specification.vendor" value="Oracle Corporation"/>
    <property name="java.specification.name" value="Java Platform API Specification"/>
    <property name="java.awt.graphicsenv" value="sun.awt.Win32GraphicsEnvironment"/>
    <property name="surefire.real.class.path" value="C:\Users\JAGADE~1\AppData\Local\Temp\surefire3730504810848146553\surefirebooter5842279595562157006.jar"/>
    <property name="sun.boot.class.path" value="C:\Program Files\Java\jdk1.8.0_202\jre\lib\resources.jar;C:\Program Files\Java\jdk1.8.0_202\jre\lib\rt.jar;C:\Program Files\Java\jdk1.8.0_202\jre\lib\sunrsasign.jar;C:\Program Files\Java\jdk1.8.0_202\jre\lib\jsse.jar;C:\Program Files\Java\jdk1.8.0_202\jre\lib\jce.jar;C:\Program Files\Java\jdk1.8.0_202\jre\lib\charsets.jar;C:\Program Files\Java\jdk1.8.0_202\jre\lib\jfr.jar;C:\Program Files\Java\jdk1.8.0_202\jre\classes"/>
    <property name="user.script" value=""/>
    <property name="sun.management.compiler" value="HotSpot 64-Bit Tiered Compilers"/>
    <property name="java.runtime.version" value="1.8.0_202-b08"/>
    <property name="user.name" value="JAGADEESH"/>
    <property name="path.separator" value=";"/>
    <property name="os.version" value="6.1"/>
    <property name="java.endorsed.dirs" value="C:\Program Files\Java\jdk1.8.0_202\jre\lib\endorsed"/>
    <property name="java.runtime.name" value="Java(TM) SE Runtime Environment"/>
    <property name="file.encoding" value="Cp1252"/>
    <property name="java.vm.name" value="Java HotSpot(TM) 64-Bit Server VM"/>
    <property name="localRepository" value="C:\Users\JAGADEESH\.m2\repository"/>
    <property name="java.vendor.url.bug" value="http://bugreport.sun.com/bugreport/"/>
    <property name="java.io.tmpdir" value="C:\Users\JAGADE~1\AppData\Local\Temp\"/>
    <property name="java.version" value="1.8.0_202"/>
    <property name="user.dir" value="C:\Users\JAGADEESH\ecoapp"/>
    <property name="os.arch" value="amd64"/>
    <property name="java.vm.specification.name" value="Java Virtual Machine Specification"/>
    <property name="java.awt.printerjob" value="sun.awt.windows.WPrinterJob"/>
    <property name="sun.os.patch.level" value="Service Pack 1"/>
    <property name="java.library.path" value="C:\Program Files\Java\jdk1.8.0_202\jre\bin;C:\Windows\Sun\Java\bin;C:\Windows\system32;C:\Windows;C:\Program Files (x86)\Common Files\Oracle\Java\javapath;C:\Program Files (x86)\NVIDIA Corporation\PhysX\Common;C:\Windows\system32;C:\Windows;C:\Windows\System32\Wbem;C:\Windows\System32\WindowsPowerShell\v1.0\;C:\Program Files\dotnet;G:\Apps\maven\bin;C:\Program Files\Java\jdk1.8.0_202\bin;C:\Users\JAGADEESH\.dotnet\tools;C:\Users\JAGADEESH\AppData\Local\Programs\Microsoft VS Code\bin;G:\Apps\maven\bin;C:\Program Files\Java\jdk1.8.0_202\bin;."/>
    <property name="java.vm.info" value="mixed mode"/>
    <property name="java.vendor" value="Oracle Corporation"/>
    <property name="java.vm.version" value="25.202-b08"/>
    <property name="java.ext.dirs" value="C:\Program Files\Java\jdk1.8.0_202\jre\lib\ext;C:\Windows\Sun\Java\lib\ext"/>
    <property name="sun.io.unicode.encoding" value="UnicodeLittle"/>
    <property name="java.class.version" value="52.0"/>
  </properties>
  <testcase name="shouldAnswerWithTrue" classname="com.eco.AppTest" time="0.003"/>
</testsuite>